Flow report for RISCV_Processor
Tue Oct 17 14:56:26 2023
Quartus Prime Version 22.1std.1 Build 917 02/14/2023 SC Lite Edition


---------------------
; Table of Contents ;
---------------------
  1. Legal Notice
  2. Flow Summary
  3. Flow Settings
  4. Flow Non-Default Global Settings
  5. Flow Elapsed Time
  6. Flow OS Summary
  7. Flow Log
  8. Flow Messages
  9. Flow Suppressed Messages



----------------
; Legal Notice ;
----------------
Copyright (C) 2023  Intel Corporation. All rights reserved.
Your use of Intel Corporation's design tools, logic functions 
and other software and tools, and any partner logic 
functions, and any output files from any of the foregoing 
(including device programming or simulation files), and any 
associated documentation or information are expressly subject 
to the terms and conditions of the Intel Program License 
Subscription Agreement, the Intel Quartus Prime License Agreement,
the Intel FPGA IP License Agreement, or other applicable license
agreement, including, without limitation, that your use is for
the sole purpose of programming logic devices manufactured by
Intel and sold by Intel or its authorized distributors.  Please
refer to the applicable agreement for further details, at
https://fpgasoftware.intel.com/eula.



+-------------------------------------------------------------------------------------+
; Flow Summary                                                                        ;
+------------------------------------+------------------------------------------------+
; Flow Status                        ; Successful - Tue Oct 17 14:56:26 2023          ;
; Quartus Prime Version              ; 22.1std.1 Build 917 02/14/2023 SC Lite Edition ;
; Revision Name                      ; RISCV_Processor                                ;
; Top-level Entity Name              ; InstMem                                        ;
; Family                             ; MAX 10                                         ;
; Device                             ; 10M08DAF484I7G                                 ;
; Timing Models                      ; Final                                          ;
; Total logic elements               ; 55 / 8,064 ( < 1 % )                           ;
;     Total combinational functions  ; 55 / 8,064 ( < 1 % )                           ;
;     Dedicated logic registers      ; 0 / 8,064 ( 0 % )                              ;
; Total registers                    ; 0                                              ;
; Total pins                         ; 37 / 250 ( 15 % )                              ;
; Total virtual pins                 ; 0                                              ;
; Total memory bits                  ; 0 / 387,072 ( 0 % )                            ;
; Embedded Multiplier 9-bit elements ; 0 / 48 ( 0 % )                                 ;
; Total PLLs                         ; 0 / 2 ( 0 % )                                  ;
; UFM blocks                         ; 0 / 1 ( 0 % )                                  ;
; ADC blocks                         ; 0 / 1 ( 0 % )                                  ;
+------------------------------------+------------------------------------------------+


+-----------------------------------------+
; Flow Settings                           ;
+-------------------+---------------------+
; Option            ; Setting             ;
+-------------------+---------------------+
; Start date & time ; 10/17/2023 14:56:03 ;
; Main task         ; Compilation         ;
; Revision Name     ; RISCV_Processor     ;
+-------------------+---------------------+


+---------------------------------------------------------------------------------------------------------------------------------------------------+
; Flow Non-Default Global Settings                                                                                                                  ;
+--------------------------------------+----------------------------------------+-----------------+-------------+-----------------------------------+
; Assignment Name                      ; Value                                  ; Default Value   ; Entity Name ; Section Id                        ;
+--------------------------------------+----------------------------------------+-----------------+-------------+-----------------------------------+
; COMPILER_SIGNATURE_ID                ; 268678286051987.169753476313434        ; --              ; --          ; --                                ;
; EDA_DESIGN_INSTANCE_NAME             ; NA                                     ; --              ; --          ; tb_InstMem                        ;
; EDA_GENERATE_FUNCTIONAL_NETLIST      ; Off                                    ; --              ; --          ; eda_board_design_timing           ;
; EDA_GENERATE_FUNCTIONAL_NETLIST      ; Off                                    ; --              ; --          ; eda_board_design_boundary_scan    ;
; EDA_GENERATE_FUNCTIONAL_NETLIST      ; Off                                    ; --              ; --          ; eda_board_design_signal_integrity ;
; EDA_GENERATE_FUNCTIONAL_NETLIST      ; Off                                    ; --              ; --          ; eda_board_design_symbol           ;
; EDA_NATIVELINK_SIMULATION_TEST_BENCH ; tb_InstMem                             ; --              ; --          ; eda_simulation                    ;
; EDA_OUTPUT_DATA_FORMAT               ; Systemverilog Hdl                      ; --              ; --          ; eda_simulation                    ;
; EDA_SIMULATION_TOOL                  ; Questa Intel FPGA (SystemVerilog)      ; <None>          ; --          ; --                                ;
; EDA_TEST_BENCH_ENABLE_STATUS         ; TEST_BENCH_MODE                        ; --              ; --          ; eda_simulation                    ;
; EDA_TEST_BENCH_FILE                  ; ../src/tb_InstMem.sv                   ; --              ; --          ; tb_InstMem                        ;
; EDA_TEST_BENCH_MODULE_NAME           ; tb_InstMem                             ; --              ; --          ; tb_InstMem                        ;
; EDA_TEST_BENCH_NAME                  ; tb_InstMem                             ; --              ; --          ; eda_simulation                    ;
; EDA_TIME_SCALE                       ; 1 ps                                   ; --              ; --          ; eda_simulation                    ;
; MAX_CORE_JUNCTION_TEMP               ; 100                                    ; --              ; --          ; --                                ;
; MIN_CORE_JUNCTION_TEMP               ; -40                                    ; --              ; --          ; --                                ;
; PARTITION_COLOR                      ; -- (Not supported for targeted family) ; --              ; InstMem     ; Top                               ;
; PARTITION_FITTER_PRESERVATION_LEVEL  ; -- (Not supported for targeted family) ; --              ; InstMem     ; Top                               ;
; PARTITION_NETLIST_TYPE               ; -- (Not supported for targeted family) ; --              ; InstMem     ; Top                               ;
; POWER_BOARD_THERMAL_MODEL            ; None (CONSERVATIVE)                    ; --              ; --          ; --                                ;
; POWER_PRESET_COOLING_SOLUTION        ; 23 MM HEAT SINK WITH 200 LFPM AIRFLOW  ; --              ; --          ; --                                ;
; PROJECT_OUTPUT_DIRECTORY             ; output_files                           ; --              ; --          ; --                                ;
; TOP_LEVEL_ENTITY                     ; InstMem                                ; RISCV_Processor ; --          ; --                                ;
+--------------------------------------+----------------------------------------+-----------------+-------------+-----------------------------------+


+--------------------------------------------------------------------------------------------------------------------------+
; Flow Elapsed Time                                                                                                        ;
+----------------------+--------------+-------------------------+---------------------+------------------------------------+
; Module Name          ; Elapsed Time ; Average Processors Used ; Peak Virtual Memory ; Total CPU Time (on all processors) ;
+----------------------+--------------+-------------------------+---------------------+------------------------------------+
; Analysis & Synthesis ; 00:00:10     ; 1.0                     ; 372 MB              ; 00:00:25                           ;
; Fitter               ; 00:00:05     ; 1.0                     ; 734 MB              ; 00:00:05                           ;
; Assembler            ; 00:00:01     ; 1.0                     ; 369 MB              ; 00:00:01                           ;
; Timing Analyzer      ; 00:00:02     ; 1.0                     ; 463 MB              ; 00:00:02                           ;
; EDA Netlist Writer   ; 00:00:01     ; 1.0                     ; 608 MB              ; 00:00:00                           ;
; Total                ; 00:00:19     ; --                      ; --                  ; 00:00:33                           ;
+----------------------+--------------+-------------------------+---------------------+------------------------------------+


+-------------------------------------------------------------------------------------------+
; Flow OS Summary                                                                           ;
+----------------------+----------------------+---------------+------------+----------------+
; Module Name          ; Machine Hostname     ; OS Name       ; OS Version ; Processor type ;
+----------------------+----------------------+---------------+------------+----------------+
; Analysis & Synthesis ; abhirams-popbook-pro ; Pop!_OS 22.04 ; 22         ; x86_64         ;
; Fitter               ; abhirams-popbook-pro ; Pop!_OS 22.04 ; 22         ; x86_64         ;
; Assembler            ; abhirams-popbook-pro ; Pop!_OS 22.04 ; 22         ; x86_64         ;
; Timing Analyzer      ; abhirams-popbook-pro ; Pop!_OS 22.04 ; 22         ; x86_64         ;
; EDA Netlist Writer   ; abhirams-popbook-pro ; Pop!_OS 22.04 ; 22         ; x86_64         ;
+----------------------+----------------------+---------------+------------+----------------+


------------
; Flow Log ;
------------
quartus_map --read_settings_files=on --write_settings_files=off RISCV_Processor -c RISCV_Processor
quartus_fit --read_settings_files=off --write_settings_files=off RISCV_Processor -c RISCV_Processor
quartus_asm --read_settings_files=off --write_settings_files=off RISCV_Processor -c RISCV_Processor
quartus_sta RISCV_Processor -c RISCV_Processor
quartus_eda --read_settings_files=off --write_settings_files=off RISCV_Processor -c RISCV_Processor



